<?xml version="1.0" encoding="UTF-8"?>
<!-- Generated by org.testng.reporters.JUnitReportReporter -->
<testsuite skipped="0" hostname="LAPTOP-1BNHRBMA" name="com.qa.learnautomationtestcases.LoginTestCRM" tests="1" failures="0" timestamp="06 Aug 2021 14:21:19 GMT" time="4.166" errors="0">
  <testcase name="Login" time="4.166" classname="com.qa.learnautomationtestcases.LoginTestCRM"/>
</testsuite> <!-- com.qa.learnautomationtestcases.LoginTestCRM -->
